#
# There is insufficient memory for the Java Runtime Environment to continue.
# Native memory allocation (malloc) failed to allocate 40416 bytes for Chunk::new
# Possible reasons:
#   The system is out of physical RAM or swap space
#   In 32 bit mode, the process size limit was hit
# Possible solutions:
#   Reduce memory load on the system
#   Increase physical memory or swap space
#   Check if swap backing store is full
#   Use 64 bit Java on a 64 bit OS
#   Decrease Java heap size (-Xmx/-Xms)
#   Decrease number of Java threads
#   Decrease Java thread stack sizes (-Xss)
#   Set larger code cache with -XX:ReservedCodeCacheSize=
# This output file may be truncated or incomplete.
#
#  Out of Memory Error (allocation.cpp:390), pid=8240, tid=8664
#
# JRE version: Java(TM) SE Runtime Environment (8.0_77-b03) (build 1.8.0_77-b03)
# Java VM: Java HotSpot(TM) 64-Bit Server VM (25.77-b03 mixed mode windows-amd64 compressed oops)
# Failed to write core dump. Minidumps are not enabled by default on client versions of Windows
#

---------------  T H R E A D  ---------------

Current thread (0x0000000016290800):  JavaThread "C1 CompilerThread2" daemon [_thread_in_native, id=8664, stack(0x0000000016690000,0x0000000016790000)]

Stack: [0x0000000016690000,0x0000000016790000]
[error occurred during error reporting (printing stack bounds), id 0xc0000005]

Native frames: (J=compiled Java code, j=interpreted, Vv=VM code, C=native code)


Current CompileTask:
C1:    360  698   !   3       com.android.dx.cf.code.BytecodeArray::parseInstruction (2764 bytes)


---------------  P R O C E S S  ---------------

Java Threads: ( => current thread )
  0x000000001655c800 JavaThread "pool-1-thread-4" [_thread_blocked, id=10032, stack(0x0000000016d90000,0x0000000016e90000)]
  0x0000000016547800 JavaThread "pool-1-thread-3" [_thread_in_Java, id=2804, stack(0x0000000016c90000,0x0000000016d90000)]
  0x00000000164e6000 JavaThread "pool-1-thread-2" [_thread_in_Java, id=3532, stack(0x0000000016b90000,0x0000000016c90000)]
  0x00000000164e1000 JavaThread "pool-2-thread-1" [_thread_blocked, id=3112, stack(0x0000000016a90000,0x0000000016b90000)]
  0x00000000165db000 JavaThread "pool-1-thread-1" [_thread_in_vm, id=6292, stack(0x0000000016990000,0x0000000016a90000)]
  0x0000000016296000 JavaThread "Service Thread" daemon [_thread_blocked, id=6032, stack(0x0000000016790000,0x0000000016890000)]
=>0x0000000016290800 JavaThread "C1 CompilerThread2" daemon [_thread_in_native, id=8664, stack(0x0000000016690000,0x0000000016790000)]
  0x0000000014a9e800 JavaThread "C2 CompilerThread1" daemon [_thread_in_native, id=7416, stack(0x0000000016190000,0x0000000016290000)]
  0x0000000014a4d800 JavaThread "C2 CompilerThread0" daemon [_thread_blocked, id=4752, stack(0x0000000016090000,0x0000000016190000)]
  0x0000000014a4b800 JavaThread "Attach Listener" daemon [_thread_blocked, id=6500, stack(0x0000000015f90000,0x0000000016090000)]
  0x0000000014a4a000 JavaThread "Signal Dispatcher" daemon [_thread_blocked, id=5484, stack(0x0000000015e90000,0x0000000015f90000)]
  0x0000000014a3a000 JavaThread "Finalizer" daemon [_thread_blocked, id=680, stack(0x0000000015ca0000,0x0000000015da0000)]
  0x000000000236f000 JavaThread "Reference Handler" daemon [_thread_blocked, id=6844, stack(0x0000000015ba0000,0x0000000015ca0000)]
  0x0000000002280800 JavaThread "main" [_thread_blocked, id=2908, stack(0x0000000002180000,0x0000000002280000)]

Other Threads:
  0x0000000014a18000 VMThread [stack: 0x0000000015aa0000,0x0000000015ba0000] [id=7592]
  0x0000000016299000 WatcherThread [stack: 0x0000000016890000,0x0000000016990000] [id=2056]

VM state:not at safepoint (normal execution)

VM Mutex/Monitor currently owned by a thread: None

Heap:
 PSYoungGen      total 36864K, used 26677K [0x00000000eab00000, 0x00000000ed400000, 0x0000000100000000)
  eden space 31744K, 84% used [0x00000000eab00000,0x00000000ec50d6c0,0x00000000eca00000)
  from space 5120K, 0% used [0x00000000ecf00000,0x00000000ecf00000,0x00000000ed400000)
  to   space 5120K, 0% used [0x00000000eca00000,0x00000000eca00000,0x00000000ecf00000)
 ParOldGen       total 84992K, used 0K [0x00000000c0000000, 0x00000000c5300000, 0x00000000eab00000)
  object space 84992K, 0% used [0x00000000c0000000,0x00000000c0000000,0x00000000c5300000)
 Metaspace       used 5654K, capacity 6576K, committed 6784K, reserved 1056768K
  class space    used 600K, capacity 616K, committed 640K, reserved 1048576K

Card table byte_map: [0x0000000011740000,0x0000000011950000] byte_map_base: 0x0000000011140000

Marking Bits: (ParMarkBitMap*) 0x000000006c580600
 Begin Bits: [0x0000000011eb0000, 0x0000000012eb0000)
 End Bits:   [0x0000000012eb0000, 0x0000000013eb0000)

Polling page: 0x0000000002070000

CodeCache: size=245760Kb used=2596Kb max_used=2609Kb free=243163Kb
 bounds [0x0000000002380000, 0x0000000002610000, 0x0000000011380000]
 total_blobs=958 nmethods=689 adapters=182
 compilation: enabled

Compilation events (10 events):
Event: 0.354 Thread 0x0000000016290800 nmethod 685 0x0000000002602e90 code [0x0000000002603000, 0x0000000002603328]
Event: 0.354 Thread 0x0000000016290800  688       3       com.android.dx.ssa.back.FirstFitLocalCombiningAllocator$1::processInsn (169 bytes)
Event: 0.355 Thread 0x0000000014a9e800  697       4       com.android.dx.rop.cst.CstString::utf8BytesToString (391 bytes)
Event: 0.355 Thread 0x0000000016290800 nmethod 688 0x0000000002607e90 code [0x0000000002608240, 0x000000000260a788]
Event: 0.355 Thread 0x0000000016290800  691       3       com.android.dx.rop.code.CstInsn::<init> (31 bytes)
Event: 0.355 Thread 0x0000000016290800 nmethod 691 0x0000000002602950 code [0x0000000002602ac0, 0x0000000002602d78]
Event: 0.355 Thread 0x0000000016290800  668       3       com.android.dx.rop.type.StdTypeList::get (9 bytes)
Event: 0.355 Thread 0x0000000016290800 nmethod 668 0x0000000002602450 code [0x00000000026025c0, 0x00000000026028a8]
Event: 0.355 Thread 0x0000000016290800  698   !   3       com.android.dx.cf.code.BytecodeArray::parseInstruction (2764 bytes)
Event: 0.357 Thread 0x0000000014a4d800 nmethod 694 0x000000000260d850 code [0x000000000260d9c0, 0x000000000260e118]

GC Heap History (0 events):
No events

Deoptimization events (2 events):
Event: 0.197 Thread 0x0000000002280800 Uncommon trap: reason=unstable_if action=reinterpret pc=0x00000000024dba94 method=java.lang.String.compareTo(Ljava/lang/String;)I @ 38
Event: 0.341 Thread 0x00000000165db000 Uncommon trap: reason=unstable_if action=reinterpret pc=0x00000000025d0d7c method=java.util.HashMap.getNode(ILjava/lang/Object;)Ljava/util/HashMap$Node; @ 62

Internal exceptions (2 events):
Event: 0.025 Thread 0x0000000002280800 Exception <a 'java/lang/NoSuchMethodError': Method sun.misc.Unsafe.defineClass(Ljava/lang/String;[BII)Ljava/lang/Class; name or signature does not match> (0x00000000eab07cc0) thrown at [D:\re\workspace\8-2-build-windows-amd64-cygwin\jdk8u77\6540\hotspot\sr.³V2™?
Event: 0.025 Thread 0x0000000002280800 Exception <a 'java/lang/NoSuchMethodError': Method sun.misc.Unsafe.prefetchRead(Ljava/lang/Object;J)V name or signature does not match> (0x00000000eab07fa8) thrown at [D:\re\workspace\8-2-build-windows-amd64-cygwin\jdk8u77\6540\hotspot\src\share\vm\prims\j

Events (10 events):
Event: 0.341 Thread 0x00000000165db000 DEOPT PACKING pc=0x00000000025d0d7c sp=0x0000000016a8e630
Event: 0.341 Thread 0x00000000165db000 DEOPT UNPACKING pc=0x00000000023c582a sp=0x0000000016a8e5a8 mode 2
Event: 0.342 loading class java/util/DualPivotQuicksort
Event: 0.342 loading class java/util/DualPivotQuicksort done
Event: 0.344 loading class java/util/ArrayList$1
Event: 0.344 loading class java/util/ArrayList$1 done
Event: 0.351 loading class com/android/dx/cf/attrib/AttRuntimeInvisibleAnnotations
Event: 0.351 loading class com/android/dx/cf/attrib/AttRuntimeInvisibleAnnotations done
Event: 0.351 loading class com/android/dx/dex/file/MethodAnnotationStruct
Event: 0.351 loading class com/android/dx/dex/file/MethodAnnotationStruct done


Dynamic libraries:
0x00007ff7438f0000 - 0x00007ff743927000 	C:\Program Files\Java\jdk1.8.0_77\bin\java.exe
0x00007ff8fd280000 - 0x00007ff8fd441000 	C:\Windows\SYSTEM32\ntdll.dll
0x00007ff8fc800000 - 0x00007ff8fc8ad000 	C:\Windows\system32\KERNEL32.DLL
0x00007ff8fa770000 - 0x00007ff8fa94d000 	C:\Windows\system32\KERNELBASE.dll
0x00007ff8fae20000 - 0x00007ff8faec6000 	C:\Windows\system32\ADVAPI32.dll
0x00007ff8fad80000 - 0x00007ff8fae1d000 	C:\Windows\system32\msvcrt.dll
0x00007ff8fd070000 - 0x00007ff8fd0cb000 	C:\Windows\system32\sechost.dll
0x00007ff8fce20000 - 0x00007ff8fcf46000 	C:\Windows\system32\RPCRT4.dll
0x00007ff8fc910000 - 0x00007ff8fca5e000 	C:\Windows\system32\USER32.dll
0x00007ff8fa950000 - 0x00007ff8faad6000 	C:\Windows\system32\GDI32.dll
0x00007ff8f0600000 - 0x00007ff8f0874000 	C:\Windows\WinSxS\amd64_microsoft.windows.common-controls_6595b64144ccf1df_6.0.10240.16384_none_f41f7b285750ef43\COMCTL32.dll
0x00007ff8fd230000 - 0x00007ff8fd266000 	C:\Windows\system32\IMM32.DLL
0x00007ff8fc690000 - 0x00007ff8fc7ec000 	C:\Windows\system32\MSCTF.dll
0x000000006bc90000 - 0x000000006bd62000 	C:\Program Files\Java\jdk1.8.0_77\jre\bin\msvcr100.dll
0x000000006bd70000 - 0x000000006c600000 	C:\Program Files\Java\jdk1.8.0_77\jre\bin\server\jvm.dll
0x00007ff8fd270000 - 0x00007ff8fd278000 	C:\Windows\system32\PSAPI.DLL
0x00007ff8f7da0000 - 0x00007ff8f7da9000 	C:\Windows\SYSTEM32\WSOCK32.dll
0x00007ff8fcf50000 - 0x00007ff8fcfb9000 	C:\Windows\system32\WS2_32.dll
0x00007ff8faed0000 - 0x00007ff8faed8000 	C:\Windows\system32\NSI.dll
0x00007ff8f7d20000 - 0x00007ff8f7d43000 	C:\Windows\SYSTEM32\WINMM.dll
0x00007ff8f2b90000 - 0x00007ff8f2b9a000 	C:\Windows\SYSTEM32\VERSION.dll
0x00007ff8f7970000 - 0x00007ff8f799c000 	C:\Windows\SYSTEM32\WINMMBASE.dll
0x00007ff8f9d50000 - 0x00007ff8f9d94000 	C:\Windows\system32\cfgmgr32.dll
0x00007ff8f8620000 - 0x00007ff8f8647000 	C:\Windows\SYSTEM32\DEVOBJ.dll
0x000000006bc80000 - 0x000000006bc8f000 	C:\Program Files\Java\jdk1.8.0_77\jre\bin\verify.dll
0x000000006bc50000 - 0x000000006bc79000 	C:\Program Files\Java\jdk1.8.0_77\jre\bin\java.dll
0x000000006bc30000 - 0x000000006bc46000 	C:\Program Files\Java\jdk1.8.0_77\jre\bin\zip.dll
0x00007ff8fb160000 - 0x00007ff8fc682000 	C:\Windows\system32\SHELL32.dll
0x00007ff8f9f70000 - 0x00007ff8fa599000 	C:\Windows\system32\windows.storage.dll
0x00007ff8faee0000 - 0x00007ff8fb15c000 	C:\Windows\system32\combase.dll
0x00007ff8fd1d0000 - 0x00007ff8fd221000 	C:\Windows\system32\shlwapi.dll
0x00007ff8f9d00000 - 0x00007ff8f9d0f000 	C:\Windows\system32\kernel.appcore.dll
0x00007ff8fa650000 - 0x00007ff8fa703000 	C:\Windows\system32\shcore.dll
0x00007ff8f9cb0000 - 0x00007ff8f9cfa000 	C:\Windows\system32\powrprof.dll
0x00007ff8f9d10000 - 0x00007ff8f9d23000 	C:\Windows\system32\profapi.dll

VM Arguments:
jvm_args: -Djava.awt.headless=true -Xmx1024M -Dfile.encoding=windows-1251 -Duser.country=RU -Duser.language=ru -Duser.variant 
java_command: com.android.dx.command.Main --dex --num-threads=4 --output C:\work\new_stuff\Experiment\app\build\intermediates\pre-dexed\debug\com.android.support-support-v4-23.2.1_61742591a7a1bb778fefa9a3279ec58ee60cad3c.jar C:\work\new_stuff\Experiment\app\build\intermediates\exploded-aar\com.android.support\support-v4\23.2.1\jars\classes.jar
java_class_path (initial): C:\sdk\build-tools\23.0.3\lib\dx.jar
Launcher Type: SUN_STANDARD

Environment Variables:
PATH=C:\ProgramData\Oracle\Java\javapath;C:\Windows\system32;C:\Windows;C:\Windows\System32\Wbem;C:\Windows\System32\WindowsPowerShell\v1.0\;C:\Program Files (x86)\Skype\Phone\
USERNAME=Adambl4
OS=Windows_NT
PROCESSOR_IDENTIFIER=Intel64 Family 6 Model 58 Stepping 9, GenuineIntel



---------------  S Y S T E M  ---------------

OS: Windows 10.0 , 64 bit Build 10240 (10.0.10240.16384)

CPU:total 4 (4 cores per cpu, 1 threads per core) family 6 model 58 stepping 9, cmov, cx8, fxsr, mmx, sse, sse2, sse3, ssse3, sse4.1, sse4.2, popcnt, avx, aes, clmul, erms, tsc, tscinvbit, tscinv

Memory: 4k page, physical 8065796k(911016k free), swap 11137796k(5120k free)

vm_info: Java HotSpot(TM) 64-Bit Server VM (25.77-b03) for windows-amd64 JRE (1.8.0_77-b03), built on Mar 20 2016 22:01:33 by "java_re" with MS VC++ 10.0 (VS2010)

time: Tue Apr 05 01:48:33 2016
elapsed time: 0 seconds (0d 0h 0m 0s)

