#
# There is insufficient memory for the Java Runtime Environment to continue.
# Native memory allocation (malloc) failed to allocate 32744 bytes for ChunkPool::allocate
# Possible reasons:
#   The system is out of physical RAM or swap space
#   In 32 bit mode, the process size limit was hit
# Possible solutions:
#   Reduce memory load on the system
#   Increase physical memory or swap space
#   Check if swap backing store is full
#   Use 64 bit Java on a 64 bit OS
#   Decrease Java heap size (-Xmx/-Xms)
#   Decrease number of Java threads
#   Decrease Java thread stack sizes (-Xss)
#   Set larger code cache with -XX:ReservedCodeCacheSize=
# This output file may be truncated or incomplete.
#
#  Out of Memory Error (allocation.cpp:273), pid=9196, tid=4280
#
# JRE version: Java(TM) SE Runtime Environment (8.0_77-b03) (build 1.8.0_77-b03)
# Java VM: Java HotSpot(TM) 64-Bit Server VM (25.77-b03 mixed mode windows-amd64 compressed oops)
# Failed to write core dump. Minidumps are not enabled by default on client versions of Windows
#

---------------  T H R E A D  ---------------

Current thread (0x000000001531f000):  JavaThread "C2 CompilerThread0" daemon [_thread_in_native, id=4280, stack(0x0000000016960000,0x0000000016a60000)]

Stack: [0x0000000016960000,0x0000000016a60000]
[error occurred during error reporting (printing stack bounds), id 0xc0000005]

Native frames: (J=compiled Java code, j=interpreted, Vv=VM code, C=native code)


Current CompileTask:
C2:   1019  586       4       java.util.HashMap::get (23 bytes)


---------------  P R O C E S S  ---------------

Java Threads: ( => current thread )
  0x0000000016dc5000 JavaThread "pool-1-thread-4" [_thread_new, id=2412, stack(0x0000000000000000,0x0000000000000000)]
  0x0000000016dc3800 JavaThread "pool-1-thread-3" [_thread_new, id=9152, stack(0x0000000000000000,0x0000000000000000)]
  0x0000000016cdf800 JavaThread "pool-1-thread-2" [_thread_new, id=6208, stack(0x0000000000000000,0x0000000000000000)]
  0x0000000016cdc800 JavaThread "pool-2-thread-1" [_thread_blocked, id=9060, stack(0x0000000017360000,0x0000000017460000)]
  0x0000000016cd9000 JavaThread "pool-1-thread-1" [_thread_in_Java, id=2960, stack(0x0000000017260000,0x0000000017360000)]
  0x0000000016b64800 JavaThread "Service Thread" daemon [_thread_blocked, id=5156, stack(0x0000000017060000,0x0000000017160000)]
  0x000000001537e800 JavaThread "C1 CompilerThread2" daemon [_thread_in_native, id=5008, stack(0x0000000016f60000,0x0000000017060000)]
  0x0000000015322800 JavaThread "C2 CompilerThread1" daemon [_thread_blocked, id=5276, stack(0x0000000016a60000,0x0000000016b60000)]
=>0x000000001531f000 JavaThread "C2 CompilerThread0" daemon [_thread_in_native, id=4280, stack(0x0000000016960000,0x0000000016a60000)]
  0x000000001531d000 JavaThread "Attach Listener" daemon [_thread_blocked, id=8724, stack(0x0000000016860000,0x0000000016960000)]
  0x000000001531c000 JavaThread "Signal Dispatcher" daemon [_thread_blocked, id=672, stack(0x0000000016760000,0x0000000016860000)]
  0x0000000002c44800 JavaThread "Finalizer" daemon [_thread_blocked, id=3184, stack(0x0000000016570000,0x0000000016670000)]
  0x0000000002c3f000 JavaThread "Reference Handler" daemon [_thread_blocked, id=148, stack(0x0000000016470000,0x0000000016570000)]
  0x0000000002b50800 JavaThread "main" [_thread_in_Java, id=7176, stack(0x0000000002950000,0x0000000002a50000)]

Other Threads:
  0x00000000152e8000 VMThread [stack: 0x0000000016370000,0x0000000016470000] [id=9164]
  0x0000000016b7f800 WatcherThread [stack: 0x0000000017160000,0x0000000017260000] [id=5228]

VM state:not at safepoint (normal execution)

VM Mutex/Monitor currently owned by a thread: None

Heap:
 PSYoungGen      total 36864K, used 12354K [0x00000000eab00000, 0x00000000ed400000, 0x0000000100000000)
  eden space 31744K, 38% used [0x00000000eab00000,0x00000000eb710bf8,0x00000000eca00000)
  from space 5120K, 0% used [0x00000000ecf00000,0x00000000ecf00000,0x00000000ed400000)
  to   space 5120K, 0% used [0x00000000eca00000,0x00000000eca00000,0x00000000ecf00000)
 ParOldGen       total 84992K, used 0K [0x00000000c0000000, 0x00000000c5300000, 0x00000000eab00000)
  object space 84992K, 0% used [0x00000000c0000000,0x00000000c0000000,0x00000000c5300000)
 Metaspace       used 5533K, capacity 6512K, committed 6784K, reserved 1056768K
  class space    used 598K, capacity 616K, committed 640K, reserved 1048576K

Card table byte_map: [0x0000000012010000,0x0000000012220000] byte_map_base: 0x0000000011a10000

Marking Bits: (ParMarkBitMap*) 0x0000000067b20600
 Begin Bits: [0x0000000012780000, 0x0000000013780000)
 End Bits:   [0x0000000013780000, 0x0000000014780000)

Polling page: 0x0000000002840000

CodeCache: size=245760Kb used=2178Kb max_used=2200Kb free=243581Kb
 bounds [0x0000000002c50000, 0x0000000002ec0000, 0x0000000011c50000]
 total_blobs=836 nmethods=567 adapters=182
 compilation: enabled

Compilation events (10 events):
Event: 1.015 Thread 0x000000001531f000 nmethod 580 0x0000000002e69390 code [0x0000000002e694e0, 0x0000000002e695e8]
Event: 1.016 Thread 0x0000000015322800  582       4       com.android.dx.util.IntList::add (65 bytes)
Event: 1.016 Thread 0x000000001531f000  583       4       com.android.dx.rop.code.BasicBlockList::get (9 bytes)
Event: 1.016 Thread 0x000000001531f000 nmethod 583 0x0000000002e69010 code [0x0000000002e69160, 0x0000000002e69238]
Event: 1.017 Thread 0x000000001531f000  584       4       com.android.dx.util.Bits::clear (21 bytes)
Event: 1.017 Thread 0x000000001531f000 nmethod 584 0x0000000002e68d90 code [0x0000000002e68ec0, 0x0000000002e68f58]
Event: 1.017 Thread 0x000000001531f000  585       4       com.android.dx.rop.code.InsnList::get (9 bytes)
Event: 1.018 Thread 0x000000001531f000 nmethod 585 0x0000000002e76f10 code [0x0000000002e77060, 0x0000000002e77158]
Event: 1.018 Thread 0x0000000015322800 nmethod 582 0x0000000002e73610 code [0x0000000002e73760, 0x0000000002e73ab8]
Event: 1.019 Thread 0x000000001531f000  586       4       java.util.HashMap::get (23 bytes)

GC Heap History (0 events):
No events

Deoptimization events (1 events):
Event: 1.004 Thread 0x0000000002b50800 Uncommon trap: reason=unstable_if action=reinterpret pc=0x0000000002e436dc method=java.util.HashMap.getNode(ILjava/lang/Object;)Ljava/util/HashMap$Node; @ 129

Internal exceptions (2 events):
Event: 0.078 Thread 0x0000000002b50800 Exception <a 'java/lang/NoSuchMethodError': Method sun.misc.Unsafe.defineClass(Ljava/lang/String;[BII)Ljava/lang/Class; name or signature does not match> (0x00000000eab07cc0) thrown at [D:\re\workspace\8-2-build-windows-amd64-cygwin\jdk8u77\6540\hotspot\srì”£°´?
Event: 0.078 Thread 0x0000000002b50800 Exception <a 'java/lang/NoSuchMethodError': Method sun.misc.Unsafe.prefetchRead(Ljava/lang/Object;J)V name or signature does not match> (0x00000000eab07fa8) thrown at [D:\re\workspace\8-2-build-windows-amd64-cygwin\jdk8u77\6540\hotspot\src\share\vm\prims\j

Events (10 events):
Event: 0.978 loading class com/android/dx/ssa/back/FirstFitLocalCombiningAllocator$Multiset done
Event: 1.003 loading class com/android/dx/cf/code/Ropper$ExceptionHandlerSetup
Event: 1.003 loading class com/android/dx/cf/code/Ropper$ExceptionHandlerSetup done
Event: 1.004 loading class java/util/HashMap$Values
Event: 1.004 loading class java/util/HashMap$Values done
Event: 1.004 loading class java/util/HashMap$ValueIterator
Event: 1.004 loading class java/util/HashMap$ValueIterator done
Event: 1.004 Thread 0x0000000002b50800 Uncommon trap: trap_request=0xffffff65 fr.pc=0x0000000002e436dc
Event: 1.005 Thread 0x0000000002b50800 DEOPT PACKING pc=0x0000000002e436dc sp=0x0000000002a4e140
Event: 1.005 Thread 0x0000000002b50800 DEOPT UNPACKING pc=0x0000000002c9582a sp=0x0000000002a4e0b8 mode 2


Dynamic libraries:
0x00007ff767110000 - 0x00007ff767147000 	C:\Program Files\Java\jdk1.8.0_77\bin\java.exe
0x00007ff8bd730000 - 0x00007ff8bd8f1000 	C:\Windows\SYSTEM32\ntdll.dll
0x00007ff8bbef0000 - 0x00007ff8bbf9d000 	C:\Windows\system32\KERNEL32.DLL
0x00007ff8ba5f0000 - 0x00007ff8ba7cd000 	C:\Windows\system32\KERNELBASE.dll
0x00007ff8bbe40000 - 0x00007ff8bbee6000 	C:\Windows\system32\ADVAPI32.dll
0x00007ff8bb450000 - 0x00007ff8bb4ed000 	C:\Windows\system32\msvcrt.dll
0x00007ff8baea0000 - 0x00007ff8baefb000 	C:\Windows\system32\sechost.dll
0x00007ff8bc0c0000 - 0x00007ff8bc1e6000 	C:\Windows\system32\RPCRT4.dll
0x00007ff8bb800000 - 0x00007ff8bb94e000 	C:\Windows\system32\USER32.dll
0x00007ff8bbcb0000 - 0x00007ff8bbe36000 	C:\Windows\system32\GDI32.dll
0x00007ff8af100000 - 0x00007ff8af374000 	C:\Windows\WinSxS\amd64_microsoft.windows.common-controls_6595b64144ccf1df_6.0.10240.16384_none_f41f7b285750ef43\COMCTL32.dll
0x00007ff8bae60000 - 0x00007ff8bae96000 	C:\Windows\system32\IMM32.DLL
0x00007ff8bb640000 - 0x00007ff8bb79c000 	C:\Windows\system32\MSCTF.dll
0x0000000067230000 - 0x0000000067302000 	C:\Program Files\Java\jdk1.8.0_77\jre\bin\msvcr100.dll
0x0000000067310000 - 0x0000000067ba0000 	C:\Program Files\Java\jdk1.8.0_77\jre\bin\server\jvm.dll
0x00007ff8bafe0000 - 0x00007ff8bafe8000 	C:\Windows\system32\PSAPI.DLL
0x00007ff8b7010000 - 0x00007ff8b7019000 	C:\Windows\SYSTEM32\WSOCK32.dll
0x00007ff8bc050000 - 0x00007ff8bc0b9000 	C:\Windows\system32\WS2_32.dll
0x00007ff8bd720000 - 0x00007ff8bd728000 	C:\Windows\system32\NSI.dll
0x00007ff8b7ef0000 - 0x00007ff8b7f13000 	C:\Windows\SYSTEM32\WINMM.dll
0x00007ff8b3b20000 - 0x00007ff8b3b2a000 	C:\Windows\SYSTEM32\VERSION.dll
0x00007ff8b7da0000 - 0x00007ff8b7dcc000 	C:\Windows\SYSTEM32\WINMMBASE.dll
0x00007ff8ba2b0000 - 0x00007ff8ba2f4000 	C:\Windows\system32\cfgmgr32.dll
0x00007ff8b8ad0000 - 0x00007ff8b8af7000 	C:\Windows\SYSTEM32\DEVOBJ.dll
0x0000000067220000 - 0x000000006722f000 	C:\Program Files\Java\jdk1.8.0_77\jre\bin\verify.dll
0x00000000671f0000 - 0x0000000067219000 	C:\Program Files\Java\jdk1.8.0_77\jre\bin\java.dll
0x00000000671d0000 - 0x00000000671e6000 	C:\Program Files\Java\jdk1.8.0_77\jre\bin\zip.dll
0x00007ff8bc1f0000 - 0x00007ff8bd712000 	C:\Windows\system32\SHELL32.dll
0x00007ff8ba7d0000 - 0x00007ff8badf9000 	C:\Windows\system32\windows.storage.dll
0x00007ff8bb1d0000 - 0x00007ff8bb44c000 	C:\Windows\system32\combase.dll
0x00007ff8bb7a0000 - 0x00007ff8bb7f1000 	C:\Windows\system32\shlwapi.dll
0x00007ff8ba1a0000 - 0x00007ff8ba1af000 	C:\Windows\system32\kernel.appcore.dll
0x00007ff8ba300000 - 0x00007ff8ba3b3000 	C:\Windows\system32\shcore.dll
0x00007ff8ba1b0000 - 0x00007ff8ba1fa000 	C:\Windows\system32\powrprof.dll
0x00007ff8ba180000 - 0x00007ff8ba193000 	C:\Windows\system32\profapi.dll

VM Arguments:
jvm_args: -Djava.awt.headless=true -Xmx1024M -Dfile.encoding=windows-1251 -Duser.country=RU -Duser.language=ru -Duser.variant 
java_command: com.android.dx.command.Main --dex --num-threads=4 --output C:\work\new_stuff\Experiment\app\build\intermediates\pre-dexed\debug\kovenant-ui-3.2.2_4be3531cd95de20cd508af12ee56d5fd5d0adef2.jar C:\Users\Àäìèíèñòðàòîð\.gradle\caches\modules-2\files-2.1\nl.komponents.kovenant\kovenant-ui\3.2.2\bdc19e675ad5380eed4281d5c9cdbb628264f294\kovenant-ui-3.2.2.jar
java_class_path (initial): C:\sdk\build-tools\23.0.3\lib\dx.jar
Launcher Type: SUN_STANDARD

Environment Variables:
PATH=C:\ProgramData\Oracle\Java\javapath;C:\Windows\system32;C:\Windows;C:\Windows\System32\Wbem;C:\Windows\System32\WindowsPowerShell\v1.0\;C:\Program Files (x86)\Skype\Phone\
USERNAME=Adambl4
OS=Windows_NT
PROCESSOR_IDENTIFIER=Intel64 Family 6 Model 58 Stepping 9, GenuineIntel



---------------  S Y S T E M  ---------------

OS: Windows 10.0 , 64 bit Build 10240 (10.0.10240.16384)

CPU:total 4 (4 cores per cpu, 1 threads per core) family 6 model 58 stepping 9, cmov, cx8, fxsr, mmx, sse, sse2, sse3, ssse3, sse4.1, sse4.2, popcnt, avx, aes, clmul, erms, tsc, tscinvbit, tscinv

Memory: 4k page, physical 8065796k(615620k free), swap 11137796k(276k free)

vm_info: Java HotSpot(TM) 64-Bit Server VM (25.77-b03) for windows-amd64 JRE (1.8.0_77-b03), built on Mar 20 2016 22:01:33 by "java_re" with MS VC++ 10.0 (VS2010)

time: Fri Apr 08 01:22:56 2016
elapsed time: 1 seconds (0d 0h 0m 1s)

