#
# There is insufficient memory for the Java Runtime Environment to continue.
# Native memory allocation (malloc) failed to allocate 1049216 bytes for Chunk::new
# Possible reasons:
#   The system is out of physical RAM or swap space
#   In 32 bit mode, the process size limit was hit
# Possible solutions:
#   Reduce memory load on the system
#   Increase physical memory or swap space
#   Check if swap backing store is full
#   Use 64 bit Java on a 64 bit OS
#   Decrease Java heap size (-Xmx/-Xms)
#   Decrease number of Java threads
#   Decrease Java thread stack sizes (-Xss)
#   Set larger code cache with -XX:ReservedCodeCacheSize=
# This output file may be truncated or incomplete.
#
#  Out of Memory Error (allocation.cpp:390), pid=1188, tid=7220
#
# JRE version: Java(TM) SE Runtime Environment (8.0_77-b03) (build 1.8.0_77-b03)
# Java VM: Java HotSpot(TM) 64-Bit Server VM (25.77-b03 mixed mode windows-amd64 compressed oops)
# Failed to write core dump. Minidumps are not enabled by default on client versions of Windows
#

---------------  T H R E A D  ---------------

Current thread (0x00000000155b0000):  JavaThread "C2 CompilerThread0" daemon [_thread_in_native, id=7220, stack(0x0000000017010000,0x0000000017110000)]

Stack: [0x0000000017010000,0x0000000017110000]
[error occurred during error reporting (printing stack bounds), id 0xc0000005]

Native frames: (J=compiled Java code, j=interpreted, Vv=VM code, C=native code)


Current CompileTask:
C2:   8414 2816       4       com.android.dx.dex.code.LocalList::make (102 bytes)


---------------  P R O C E S S  ---------------

Java Threads: ( => current thread )
  0x0000000017315000 JavaThread "Service Thread" daemon [_thread_blocked, id=7128, stack(0x0000000017710000,0x0000000017810000)]
  0x000000001560a800 JavaThread "C1 CompilerThread2" daemon [_thread_blocked, id=8864, stack(0x0000000017210000,0x0000000017310000)]
  0x00000000155b2000 JavaThread "C2 CompilerThread1" daemon [_thread_in_native, id=8624, stack(0x0000000017110000,0x0000000017210000)]
=>0x00000000155b0000 JavaThread "C2 CompilerThread0" daemon [_thread_in_native, id=7220, stack(0x0000000017010000,0x0000000017110000)]
  0x00000000155ad800 JavaThread "Attach Listener" daemon [_thread_blocked, id=5664, stack(0x0000000016f10000,0x0000000017010000)]
  0x00000000155ac000 JavaThread "Signal Dispatcher" daemon [_thread_blocked, id=2088, stack(0x0000000016e10000,0x0000000016f10000)]
  0x0000000002edb800 JavaThread "Finalizer" daemon [_thread_blocked, id=5500, stack(0x0000000016c20000,0x0000000016d20000)]
  0x0000000002ed0800 JavaThread "Reference Handler" daemon [_thread_blocked, id=5840, stack(0x0000000016b20000,0x0000000016c20000)]
  0x0000000002de0800 JavaThread "main" [_thread_in_vm, id=6696, stack(0x0000000002be0000,0x0000000002ce0000)]

Other Threads:
  0x0000000015577000 VMThread [stack: 0x0000000016a20000,0x0000000016b20000] [id=8324]
  0x000000001732d000 WatcherThread [stack: 0x0000000017810000,0x0000000017910000] [id=6096]

VM state:not at safepoint (normal execution)

VM Mutex/Monitor currently owned by a thread: None

Heap:
 PSYoungGen      total 276992K, used 113191K [0x00000000eab00000, 0x00000000fe000000, 0x0000000100000000)
  eden space 249856K, 35% used [0x00000000eab00000,0x00000000f01467c8,0x00000000f9f00000)
  from space 27136K, 91% used [0x00000000fbd80000,0x00000000fd5c3650,0x00000000fd800000)
  to   space 31232K, 0% used [0x00000000f9f00000,0x00000000f9f00000,0x00000000fbd80000)
 ParOldGen       total 84992K, used 41050K [0x00000000c0000000, 0x00000000c5300000, 0x00000000eab00000)
  object space 84992K, 48% used [0x00000000c0000000,0x00000000c2816bb0,0x00000000c5300000)
 Metaspace       used 6896K, capacity 7036K, committed 7168K, reserved 1064960K
  class space    used 643K, capacity 688K, committed 768K, reserved 1048576K

Card table byte_map: [0x00000000122a0000,0x00000000124b0000] byte_map_base: 0x0000000011ca0000

Marking Bits: (ParMarkBitMap*) 0x0000000067b20600
 Begin Bits: [0x0000000012a10000, 0x0000000013a10000)
 End Bits:   [0x0000000013a10000, 0x0000000014a10000)

Polling page: 0x00000000012e0000

CodeCache: size=245760Kb used=11848Kb max_used=11860Kb free=233911Kb
 bounds [0x0000000002ee0000, 0x0000000003a80000, 0x0000000011ee0000]
 total_blobs=2890 nmethods=2620 adapters=182
 compilation: enabled

Compilation events (10 events):
Event: 8.331 Thread 0x000000001560a800 nmethod 2811 0x0000000003a6a2d0 code [0x0000000003a6a460, 0x0000000003a6a7f8]
Event: 8.332 Thread 0x00000000155b0000 2812       4       com.android.dx.dex.code.form.Form35c::isCompatible (72 bytes)
Event: 8.335 Thread 0x00000000155b0000 nmethod 2812 0x0000000003a777d0 code [0x0000000003a77940, 0x0000000003a77c78]
Event: 8.335 Thread 0x00000000155b0000 2813       4       com.android.dx.dex.code.StdCatchBuilder::build (262 bytes)
Event: 8.353 Thread 0x00000000155b0000 nmethod 2813 0x0000000003a7b0d0 code [0x0000000003a7b320, 0x0000000003a7cb00]
Event: 8.354 Thread 0x000000001560a800 2814       3       java.util.ComparableTimSort::countRunAndMakeAscending (123 bytes)
Event: 8.354 Thread 0x000000001560a800 nmethod 2814 0x0000000003a6f210 code [0x0000000003a6f420, 0x0000000003a701c8]
Event: 8.354 Thread 0x00000000155b0000 2815       4       com.android.dx.rop.code.RegisterSpecSet::findMatchingLocal (49 bytes)
Event: 8.358 Thread 0x00000000155b0000 nmethod 2815 0x0000000003a787d0 code [0x0000000003a78940, 0x0000000003a78e78]
Event: 8.358 Thread 0x00000000155b0000 2816       4       com.android.dx.dex.code.LocalList::make (102 bytes)

GC Heap History (10 events):
Event: 2.222 GC heap before
{Heap before GC invocations=2 (full 0):
 PSYoungGen      total 36864K, used 36585K [0x00000000eab00000, 0x00000000ef300000, 0x0000000100000000)
  eden space 31744K, 100% used [0x00000000eab00000,0x00000000eca00000,0x00000000eca00000)
  from space 5120K, 94% used [0x00000000eca00000,0x00000000eceba448,0x00000000ecf00000)
  to   space 5120K, 0% used [0x00000000eee00000,0x00000000eee00000,0x00000000ef300000)
 ParOldGen       total 84992K, used 8K [0x00000000c0000000, 0x00000000c5300000, 0x00000000eab00000)
  object space 84992K, 0% used [0x00000000c0000000,0x00000000c0002000,0x00000000c5300000)
 Metaspace       used 6177K, capacity 6262K, committed 6528K, reserved 1062912K
  class space    used 604K, capacity 618K, committed 640K, reserved 1048576K
Event: 2.245 GC heap after
Heap after GC invocations=2 (full 0):
 PSYoungGen      total 68608K, used 5103K [0x00000000eab00000, 0x00000000ef300000, 0x0000000100000000)
  eden space 63488K, 0% used [0x00000000eab00000,0x00000000eab00000,0x00000000ee900000)
  from space 5120K, 99% used [0x00000000eee00000,0x00000000ef2fbcc8,0x00000000ef300000)
  to   space 5120K, 0% used [0x00000000ee900000,0x00000000ee900000,0x00000000eee00000)
 ParOldGen       total 84992K, used 2471K [0x00000000c0000000, 0x00000000c5300000, 0x00000000eab00000)
  object space 84992K, 2% used [0x00000000c0000000,0x00000000c0269ce8,0x00000000c5300000)
 Metaspace       used 6177K, capacity 6262K, committed 6528K, reserved 1062912K
  class space    used 604K, capacity 618K, committed 640K, reserved 1048576K
}
Event: 2.481 GC heap before
{Heap before GC invocations=3 (full 0):
 PSYoungGen      total 68608K, used 68591K [0x00000000eab00000, 0x00000000ef300000, 0x0000000100000000)
  eden space 63488K, 100% used [0x00000000eab00000,0x00000000ee900000,0x00000000ee900000)
  from space 5120K, 99% used [0x00000000eee00000,0x00000000ef2fbcc8,0x00000000ef300000)
  to   space 5120K, 0% used [0x00000000ee900000,0x00000000ee900000,0x00000000eee00000)
 ParOldGen       total 84992K, used 2471K [0x00000000c0000000, 0x00000000c5300000, 0x00000000eab00000)
  object space 84992K, 2% used [0x00000000c0000000,0x00000000c0269ce8,0x00000000c5300000)
 Metaspace       used 6309K, capacity 6390K, committed 6528K, reserved 1062912K
  class space    used 605K, capacity 618K, committed 640K, reserved 1048576K
Event: 2.508 GC heap after
Heap after GC invocations=3 (full 0):
 PSYoungGen      total 68608K, used 5090K [0x00000000eab00000, 0x00000000f3100000, 0x0000000100000000)
  eden space 63488K, 0% used [0x00000000eab00000,0x00000000eab00000,0x00000000ee900000)
  from space 5120K, 99% used [0x00000000ee900000,0x00000000eedf8858,0x00000000eee00000)
  to   space 5120K, 0% used [0x00000000f2c00000,0x00000000f2c00000,0x00000000f3100000)
 ParOldGen       total 84992K, used 12219K [0x00000000c0000000, 0x00000000c5300000, 0x00000000eab00000)
  object space 84992K, 14% used [0x00000000c0000000,0x00000000c0beedb8,0x00000000c5300000)
 Metaspace       used 6309K, capacity 6390K, committed 6528K, reserved 1062912K
  class space    used 605K, capacity 618K, committed 640K, reserved 1048576K
}
Event: 2.775 GC heap before
{Heap before GC invocations=4 (full 0):
 PSYoungGen      total 68608K, used 68578K [0x00000000eab00000, 0x00000000f3100000, 0x0000000100000000)
  eden space 63488K, 100% used [0x00000000eab00000,0x00000000ee900000,0x00000000ee900000)
  from space 5120K, 99% used [0x00000000ee900000,0x00000000eedf8858,0x00000000eee00000)
  to   space 5120K, 0% used [0x00000000f2c00000,0x00000000f2c00000,0x00000000f3100000)
 ParOldGen       total 84992K, used 12219K [0x00000000c0000000, 0x00000000c5300000, 0x00000000eab00000)
  object space 84992K, 14% used [0x00000000c0000000,0x00000000c0beedb8,0x00000000c5300000)
 Metaspace       used 6360K, capacity 6454K, committed 6528K, reserved 1062912K
  class space    used 605K, capacity 618K, committed 640K, reserved 1048576K
Event: 2.834 GC heap after
Heap after GC invocations=4 (full 0):
 PSYoungGen      total 132096K, used 5106K [0x00000000eab00000, 0x00000000f3100000, 0x0000000100000000)
  eden space 126976K, 0% used [0x00000000eab00000,0x00000000eab00000,0x00000000f2700000)
  from space 5120K, 99% used [0x00000000f2c00000,0x00000000f30fc888,0x00000000f3100000)
  to   space 5120K, 0% used [0x00000000f2700000,0x00000000f2700000,0x00000000f2c00000)
 ParOldGen       total 84992K, used 21198K [0x00000000c0000000, 0x00000000c5300000, 0x00000000eab00000)
  object space 84992K, 24% used [0x00000000c0000000,0x00000000c14b38c8,0x00000000c5300000)
 Metaspace       used 6360K, capacity 6454K, committed 6528K, reserved 1062912K
  class space    used 605K, capacity 618K, committed 640K, reserved 1048576K
}
Event: 3.699 GC heap before
{Heap before GC invocations=5 (full 0):
 PSYoungGen      total 132096K, used 132082K [0x00000000eab00000, 0x00000000f3100000, 0x0000000100000000)
  eden space 126976K, 100% used [0x00000000eab00000,0x00000000f2700000,0x00000000f2700000)
  from space 5120K, 99% used [0x00000000f2c00000,0x00000000f30fc888,0x00000000f3100000)
  to   space 5120K, 0% used [0x00000000f2700000,0x00000000f2700000,0x00000000f2c00000)
 ParOldGen       total 84992K, used 21198K [0x00000000c0000000, 0x00000000c5300000, 0x00000000eab00000)
  object space 84992K, 24% used [0x00000000c0000000,0x00000000c14b38c8,0x00000000c5300000)
 Metaspace       used 6537K, capacity 6620K, committed 6912K, reserved 1062912K
  class space    used 625K, capacity 656K, committed 768K, reserved 1048576K
Event: 3.730 GC heap after
Heap after GC invocations=5 (full 0):
 PSYoungGen      total 132096K, used 5111K [0x00000000eab00000, 0x00000000fd800000, 0x0000000100000000)
  eden space 126976K, 0% used [0x00000000eab00000,0x00000000eab00000,0x00000000f2700000)
  from space 5120K, 99% used [0x00000000f2700000,0x00000000f2bfdeb8,0x00000000f2c00000)
  to   space 27136K, 0% used [0x00000000fbd80000,0x00000000fbd80000,0x00000000fd800000)
 ParOldGen       total 84992K, used 41050K [0x00000000c0000000, 0x00000000c5300000, 0x00000000eab00000)
  object space 84992K, 48% used [0x00000000c0000000,0x00000000c2816bb0,0x00000000c5300000)
 Metaspace       used 6537K, capacity 6620K, committed 6912K, reserved 1062912K
  class space    used 625K, capacity 656K, committed 768K, reserved 1048576K
}
Event: 5.458 GC heap before
{Heap before GC invocations=6 (full 0):
 PSYoungGen      total 132096K, used 132087K [0x00000000eab00000, 0x00000000fd800000, 0x0000000100000000)
  eden space 126976K, 100% used [0x00000000eab00000,0x00000000f2700000,0x00000000f2700000)
  from space 5120K, 99% used [0x00000000f2700000,0x00000000f2bfdeb8,0x00000000f2c00000)
  to   space 27136K, 0% used [0x00000000fbd80000,0x00000000fbd80000,0x00000000fd800000)
 ParOldGen       total 84992K, used 41050K [0x00000000c0000000, 0x00000000c5300000, 0x00000000eab00000)
  object space 84992K, 48% used [0x00000000c0000000,0x00000000c2816bb0,0x00000000c5300000)
 Metaspace       used 6578K, capacity 6684K, committed 6912K, reserved 1062912K
  class space    used 625K, capacity 656K, committed 768K, reserved 1048576K
Event: 5.604 GC heap after
Heap after GC invocations=6 (full 0):
 PSYoungGen      total 276992K, used 24845K [0x00000000eab00000, 0x00000000fe000000, 0x0000000100000000)
  eden space 249856K, 0% used [0x00000000eab00000,0x00000000eab00000,0x00000000f9f00000)
  from space 27136K, 91% used [0x00000000fbd80000,0x00000000fd5c3650,0x00000000fd800000)
  to   space 31232K, 0% used [0x00000000f9f00000,0x00000000f9f00000,0x00000000fbd80000)
 ParOldGen       total 84992K, used 41050K [0x00000000c0000000, 0x00000000c5300000, 0x00000000eab00000)
  object space 84992K, 48% used [0x00000000c0000000,0x00000000c2816bb0,0x00000000c5300000)
 Metaspace       used 6578K, capacity 6684K, committed 6912K, reserved 1062912K
  class space    used 625K, capacity 656K, committed 768K, reserved 1048576K
}

Deoptimization events (10 events):
Event: 7.690 Thread 0x0000000002de0800 Uncommon trap: reason=speculate_class_check action=maybe_recompile pc=0x000000000329e398 method=com.android.dx.util.FixedSizeList.equals(Ljava/lang/Object;)Z @ 25
Event: 7.690 Thread 0x0000000002de0800 Uncommon trap: reason=unstable_if action=reinterpret pc=0x000000000371b4a8 method=java.util.TreeMap.put(Ljava/lang/Object;Ljava/lang/Object;)Ljava/lang/Object; @ 163
Event: 7.698 Thread 0x0000000002de0800 Uncommon trap: reason=unstable_if action=reinterpret pc=0x00000000039d1240 method=com.android.dx.dex.code.OutputFinisher.findOpcodeForInsn(Lcom/android/dx/dex/code/DalvInsn;Lcom/android/dx/dex/code/Dop;)Lcom/android/dx/dex/code/Dop; @ 1
Event: 7.709 Thread 0x0000000002de0800 Uncommon trap: reason=unstable_if action=reinterpret pc=0x00000000039f6818 method=com.android.dx.rop.code.RegisterSpec.matchesVariable(Lcom/android/dx/rop/code/RegisterSpec;)Z @ 59
Event: 8.190 Thread 0x0000000002de0800 Uncommon trap: reason=unstable_if action=reinterpret pc=0x0000000003a39220 method=com.android.dx.dex.code.OutputFinisher.align64bits([Lcom/android/dx/dex/code/Dop;)V @ 172
Event: 8.215 Thread 0x0000000002de0800 Uncommon trap: reason=unstable_if action=reinterpret pc=0x0000000003a551c4 method=com.android.dx.dex.code.LocalList$MakeState.startLocal(ILcom/android/dx/rop/code/RegisterSpec;)V @ 226
Event: 8.219 Thread 0x0000000002de0800 Uncommon trap: reason=class_check action=maybe_recompile pc=0x0000000003a3a144 method=com.android.dx.dex.code.OutputFinisher.massageInstructions([Lcom/android/dx/dex/code/Dop;)V @ 63
Event: 8.231 Thread 0x0000000002de0800 Uncommon trap: reason=class_check action=maybe_recompile pc=0x0000000003a3a144 method=com.android.dx.dex.code.OutputFinisher.massageInstructions([Lcom/android/dx/dex/code/Dop;)V @ 63
Event: 8.232 Thread 0x0000000002de0800 Uncommon trap: reason=class_check action=maybe_recompile pc=0x0000000003a3a144 method=com.android.dx.dex.code.OutputFinisher.massageInstructions([Lcom/android/dx/dex/code/Dop;)V @ 63
Event: 8.232 Thread 0x0000000002de0800 Uncommon trap: reason=class_check action=maybe_recompile pc=0x0000000003a3a144 method=com.android.dx.dex.code.OutputFinisher.massageInstructions([Lcom/android/dx/dex/code/Dop;)V @ 63

Internal exceptions (8 events):
Event: 0.024 Thread 0x0000000002de0800 Exception <a 'java/lang/NoSuchMethodError': Method sun.misc.Unsafe.defineClass(Ljava/lang/String;[BII)Ljava/lang/Class; name or signature does not match> (0x00000000eab07cc0) thrown at [D:\re\workspace\8-2-build-windows-amd64-cygwin\jdk8u77\6540\hotspot\sr­tˆ¨t7˜?
Event: 0.024 Thread 0x0000000002de0800 Exception <a 'java/lang/NoSuchMethodError': Method sun.misc.Unsafe.prefetchRead(Ljava/lang/Object;J)V name or signature does not match> (0x00000000eab07fa8) thrown at [D:\re\workspace\8-2-build-windows-amd64-cygwin\jdk8u77\6540\hotspot\src\share\vm\prims\j…f‡ zTõ?
Event: 1.333 Thread 0x0000000017631000 Implicit null exception at 0x00000000031fc962 to 0x00000000031fca61
Event: 2.255 Thread 0x0000000017594000 Implicit null exception at 0x00000000034b8b9b to 0x00000000034bacdd
Event: 2.935 Thread 0x0000000002de0800 Implicit null exception at 0x000000000350f463 to 0x0000000003510bfd
Event: 3.196 Thread 0x0000000017592000 Exception <a 'java/lang/ArrayIndexOutOfBoundsException': 18> (0x00000000f0ac3388) thrown at [D:\re\workspace\8-2-build-windows-amd64-cygwin\jdk8u77\6540\hotspot\src\share\vm\interpreter\interpreterRuntime.cpp, line 366]
Event: 3.197 Thread 0x0000000017592000 Exception <a 'java/lang/ArrayIndexOutOfBoundsException'> (0x00000000f0ac4f08) thrown at [D:\re\workspace\8-2-build-windows-amd64-cygwin\jdk8u77\6540\hotspot\src\share\vm\runtime\sharedRuntime.cpp, line 605]
Event: 3.198 Thread 0x0000000017592000 Exception <a 'java/lang/ArrayIndexOutOfBoundsException'> (0x00000000f0ac61f0) thrown at [D:\re\workspace\8-2-build-windows-amd64-cygwin\jdk8u77\6540\hotspot\src\share\vm\runtime\sharedRuntime.cpp, line 605]

Events (10 events):
Event: 8.232 Thread 0x0000000002de0800 DEOPT UNPACKING pc=0x0000000002f2582a sp=0x0000000002cdf1d8 mode 2
Event: 8.232 Thread 0x0000000002de0800 Uncommon trap: trap_request=0xffffffde fr.pc=0x0000000003a3a144
Event: 8.232 Thread 0x0000000002de0800 DEOPT PACKING pc=0x0000000003a3a144 sp=0x0000000002cdf250
Event: 8.232 Thread 0x0000000002de0800 DEOPT UNPACKING pc=0x0000000002f2582a sp=0x0000000002cdf1d8 mode 2
Event: 8.316 Thread 0x0000000002de0800 DEOPT PACKING pc=0x0000000003a4ed19 sp=0x0000000002cdf280
Event: 8.316 Thread 0x0000000002de0800 DEOPT UNPACKING pc=0x0000000002f2787f sp=0x0000000002cdefd0 mode 0
Event: 8.322 Thread 0x0000000002de0800 DEOPT PACKING pc=0x0000000003a40ee3 sp=0x0000000002cdf1e0
Event: 8.322 Thread 0x0000000002de0800 DEOPT UNPACKING pc=0x0000000002f2787f sp=0x0000000002cdef30 mode 0
Event: 8.330 Thread 0x0000000002de0800 DEOPT PACKING pc=0x0000000003a672cb sp=0x0000000002cdf1f0
Event: 8.330 Thread 0x0000000002de0800 DEOPT UNPACKING pc=0x0000000002f2787f sp=0x0000000002cdef68 mode 0


Dynamic libraries:
0x00007ff767110000 - 0x00007ff767147000 	C:\Program Files\Java\jdk1.8.0_77\bin\java.exe
0x00007ff8bd730000 - 0x00007ff8bd8f1000 	C:\Windows\SYSTEM32\ntdll.dll
0x00007ff8bbef0000 - 0x00007ff8bbf9d000 	C:\Windows\system32\KERNEL32.DLL
0x00007ff8ba5f0000 - 0x00007ff8ba7cd000 	C:\Windows\system32\KERNELBASE.dll
0x00007ff8bbe40000 - 0x00007ff8bbee6000 	C:\Windows\system32\ADVAPI32.dll
0x00007ff8bb450000 - 0x00007ff8bb4ed000 	C:\Windows\system32\msvcrt.dll
0x00007ff8baea0000 - 0x00007ff8baefb000 	C:\Windows\system32\sechost.dll
0x00007ff8bc0c0000 - 0x00007ff8bc1e6000 	C:\Windows\system32\RPCRT4.dll
0x00007ff8bb800000 - 0x00007ff8bb94e000 	C:\Windows\system32\USER32.dll
0x00007ff8bbcb0000 - 0x00007ff8bbe36000 	C:\Windows\system32\GDI32.dll
0x00007ff8af100000 - 0x00007ff8af374000 	C:\Windows\WinSxS\amd64_microsoft.windows.common-controls_6595b64144ccf1df_6.0.10240.16384_none_f41f7b285750ef43\COMCTL32.dll
0x00007ff8bae60000 - 0x00007ff8bae96000 	C:\Windows\system32\IMM32.DLL
0x00007ff8bb640000 - 0x00007ff8bb79c000 	C:\Windows\system32\MSCTF.dll
0x0000000067230000 - 0x0000000067302000 	C:\Program Files\Java\jdk1.8.0_77\jre\bin\msvcr100.dll
0x0000000067310000 - 0x0000000067ba0000 	C:\Program Files\Java\jdk1.8.0_77\jre\bin\server\jvm.dll
0x00007ff8bafe0000 - 0x00007ff8bafe8000 	C:\Windows\system32\PSAPI.DLL
0x00007ff8b7010000 - 0x00007ff8b7019000 	C:\Windows\SYSTEM32\WSOCK32.dll
0x00007ff8bc050000 - 0x00007ff8bc0b9000 	C:\Windows\system32\WS2_32.dll
0x00007ff8bd720000 - 0x00007ff8bd728000 	C:\Windows\system32\NSI.dll
0x00007ff8b7ef0000 - 0x00007ff8b7f13000 	C:\Windows\SYSTEM32\WINMM.dll
0x00007ff8b3b20000 - 0x00007ff8b3b2a000 	C:\Windows\SYSTEM32\VERSION.dll
0x00007ff8b7da0000 - 0x00007ff8b7dcc000 	C:\Windows\SYSTEM32\WINMMBASE.dll
0x00007ff8ba2b0000 - 0x00007ff8ba2f4000 	C:\Windows\system32\cfgmgr32.dll
0x00007ff8b8ad0000 - 0x00007ff8b8af7000 	C:\Windows\SYSTEM32\DEVOBJ.dll
0x0000000067220000 - 0x000000006722f000 	C:\Program Files\Java\jdk1.8.0_77\jre\bin\verify.dll
0x00000000671f0000 - 0x0000000067219000 	C:\Program Files\Java\jdk1.8.0_77\jre\bin\java.dll
0x00000000671d0000 - 0x00000000671e6000 	C:\Program Files\Java\jdk1.8.0_77\jre\bin\zip.dll
0x00007ff8bc1f0000 - 0x00007ff8bd712000 	C:\Windows\system32\SHELL32.dll
0x00007ff8ba7d0000 - 0x00007ff8badf9000 	C:\Windows\system32\windows.storage.dll
0x00007ff8bb1d0000 - 0x00007ff8bb44c000 	C:\Windows\system32\combase.dll
0x00007ff8bb7a0000 - 0x00007ff8bb7f1000 	C:\Windows\system32\shlwapi.dll
0x00007ff8ba1a0000 - 0x00007ff8ba1af000 	C:\Windows\system32\kernel.appcore.dll
0x00007ff8ba300000 - 0x00007ff8ba3b3000 	C:\Windows\system32\shcore.dll
0x00007ff8ba1b0000 - 0x00007ff8ba1fa000 	C:\Windows\system32\powrprof.dll
0x00007ff8ba180000 - 0x00007ff8ba193000 	C:\Windows\system32\profapi.dll

VM Arguments:
jvm_args: -Djava.awt.headless=true -Xmx1024M -Dfile.encoding=windows-1251 -Duser.country=RU -Duser.language=ru -Duser.variant 
java_command: com.android.dx.command.Main --dex --num-threads=4 --output C:\work\new_stuff\Experiment\app\build\intermediates\pre-dexed\debug\com.android.support-support-v4-23.2.1_61742591a7a1bb778fefa9a3279ec58ee60cad3c.jar C:\work\new_stuff\Experiment\app\build\intermediates\exploded-aar\com.android.support\support-v4\23.2.1\jars\classes.jar
java_class_path (initial): C:\sdk\build-tools\23.0.3\lib\dx.jar
Launcher Type: SUN_STANDARD

Environment Variables:
PATH=C:\ProgramData\Oracle\Java\javapath;C:\Windows\system32;C:\Windows;C:\Windows\System32\Wbem;C:\Windows\System32\WindowsPowerShell\v1.0\;C:\Program Files (x86)\Skype\Phone\
USERNAME=Adambl4
OS=Windows_NT
PROCESSOR_IDENTIFIER=Intel64 Family 6 Model 58 Stepping 9, GenuineIntel



---------------  S Y S T E M  ---------------

OS: Windows 10.0 , 64 bit Build 10240 (10.0.10240.16384)

CPU:total 4 (4 cores per cpu, 1 threads per core) family 6 model 58 stepping 9, cmov, cx8, fxsr, mmx, sse, sse2, sse3, ssse3, sse4.1, sse4.2, popcnt, avx, aes, clmul, erms, tsc, tscinvbit, tscinv

Memory: 4k page, physical 8065796k(510924k free), swap 11137796k(5540k free)

vm_info: Java HotSpot(TM) 64-Bit Server VM (25.77-b03) for windows-amd64 JRE (1.8.0_77-b03), built on Mar 20 2016 22:01:33 by "java_re" with MS VC++ 10.0 (VS2010)

time: Fri Apr 08 01:22:54 2016
elapsed time: 8 seconds (0d 0h 0m 8s)

