#
# There is insufficient memory for the Java Runtime Environment to continue.
# Native memory allocation (malloc) failed to allocate 32744 bytes for ChunkPool::allocate
# Possible reasons:
#   The system is out of physical RAM or swap space
#   In 32 bit mode, the process size limit was hit
# Possible solutions:
#   Reduce memory load on the system
#   Increase physical memory or swap space
#   Check if swap backing store is full
#   Use 64 bit Java on a 64 bit OS
#   Decrease Java heap size (-Xmx/-Xms)
#   Decrease number of Java threads
#   Decrease Java thread stack sizes (-Xss)
#   Set larger code cache with -XX:ReservedCodeCacheSize=
# This output file may be truncated or incomplete.
#
#  Out of Memory Error (allocation.cpp:273), pid=8676, tid=6508
#
# JRE version: Java(TM) SE Runtime Environment (8.0_77-b03) (build 1.8.0_77-b03)
# Java VM: Java HotSpot(TM) 64-Bit Server VM (25.77-b03 mixed mode windows-amd64 compressed oops)
# Failed to write core dump. Minidumps are not enabled by default on client versions of Windows
#

---------------  T H R E A D  ---------------

Current thread (0x0000000014a0a000):  JavaThread "C1 CompilerThread2" daemon [_thread_in_native, id=6508, stack(0x0000000016250000,0x0000000016350000)]

Stack: [0x0000000016250000,0x0000000016350000]
[error occurred during error reporting (printing stack bounds), id 0xc0000005]

Native frames: (J=compiled Java code, j=interpreted, Vv=VM code, C=native code)


Current CompileTask:
C1:    287  637   !   3       com.android.dx.cf.code.BytecodeArray::parseInstruction (2764 bytes)


---------------  P R O C E S S  ---------------

Java Threads: ( => current thread )
  0x00000000165db000 JavaThread "pool-1-thread-4" [_thread_in_Java, id=3752, stack(0x0000000016d50000,0x0000000016e50000)]
  0x00000000165da000 JavaThread "pool-1-thread-3" [_thread_in_Java, id=6560, stack(0x0000000016c50000,0x0000000016d50000)]
  0x00000000165d9800 JavaThread "pool-1-thread-2" [_thread_in_Java, id=688, stack(0x0000000016b50000,0x0000000016c50000)]
  0x00000000165a9800 JavaThread "pool-2-thread-1" [_thread_blocked, id=1816, stack(0x0000000016a50000,0x0000000016b50000)]
  0x00000000165be800 JavaThread "pool-1-thread-1" [_thread_in_Java, id=7516, stack(0x0000000016950000,0x0000000016a50000)]
  0x0000000016388800 JavaThread "Service Thread" daemon [_thread_blocked, id=6616, stack(0x0000000016750000,0x0000000016850000)]
=>0x0000000014a0a000 JavaThread "C1 CompilerThread2" daemon [_thread_in_native, id=6508, stack(0x0000000016250000,0x0000000016350000)]
  0x00000000149fe000 JavaThread "C2 CompilerThread1" daemon [_thread_blocked, id=4604, stack(0x0000000016150000,0x0000000016250000)]
  0x00000000149fb000 JavaThread "C2 CompilerThread0" daemon [_thread_in_native, id=6012, stack(0x0000000016050000,0x0000000016150000)]
  0x00000000149f9000 JavaThread "Attach Listener" daemon [_thread_blocked, id=3928, stack(0x0000000015f50000,0x0000000016050000)]
  0x0000000014a07800 JavaThread "Signal Dispatcher" daemon [_thread_blocked, id=8204, stack(0x0000000015e50000,0x0000000015f50000)]
  0x000000000232b000 JavaThread "Finalizer" daemon [_thread_blocked, id=632, stack(0x0000000015c60000,0x0000000015d60000)]
  0x00000000149c9000 JavaThread "Reference Handler" daemon [_thread_blocked, id=5892, stack(0x0000000015b60000,0x0000000015c60000)]
  0x0000000002230800 JavaThread "main" [_thread_in_Java, id=6520, stack(0x0000000002130000,0x0000000002230000)]

Other Threads:
  0x00000000149c7800 VMThread [stack: 0x0000000015a60000,0x0000000015b60000] [id=3160]
  0x0000000014a5c800 WatcherThread [stack: 0x0000000016850000,0x0000000016950000] [id=7868]

VM state:not at safepoint (normal execution)

VM Mutex/Monitor currently owned by a thread: None

Heap:
 PSYoungGen      total 36864K, used 19686K [0x00000000eab00000, 0x00000000ed400000, 0x0000000100000000)
  eden space 31744K, 62% used [0x00000000eab00000,0x00000000ebe399e8,0x00000000eca00000)
  from space 5120K, 0% used [0x00000000ecf00000,0x00000000ecf00000,0x00000000ed400000)
  to   space 5120K, 0% used [0x00000000eca00000,0x00000000eca00000,0x00000000ecf00000)
 ParOldGen       total 84992K, used 0K [0x00000000c0000000, 0x00000000c5300000, 0x00000000eab00000)
  object space 84992K, 0% used [0x00000000c0000000,0x00000000c0000000,0x00000000c5300000)
 Metaspace       used 5618K, capacity 6576K, committed 6784K, reserved 1056768K
  class space    used 595K, capacity 616K, committed 640K, reserved 1048576K

Card table byte_map: [0x00000000116f0000,0x0000000011900000] byte_map_base: 0x00000000110f0000

Marking Bits: (ParMarkBitMap*) 0x000000006c580600
 Begin Bits: [0x0000000011e60000, 0x0000000012e60000)
 End Bits:   [0x0000000012e60000, 0x0000000013e60000)

Polling page: 0x00000000008d0000

CodeCache: size=245760Kb used=2346Kb max_used=2357Kb free=243413Kb
 bounds [0x0000000002330000, 0x00000000025a0000, 0x0000000011330000]
 total_blobs=893 nmethods=624 adapters=182
 compilation: enabled

Compilation events (10 events):
Event: 0.282 Thread 0x0000000014a0a000 nmethod 628 0x000000000257bcd0 code [0x000000000257bec0, 0x000000000257c7b8]
Event: 0.282 Thread 0x0000000014a0a000  635       3       com.android.dx.cf.code.ByteOps::opInfo (6 bytes)
Event: 0.282 Thread 0x0000000014a0a000 nmethod 635 0x000000000257b950 code [0x000000000257baa0, 0x000000000257bbf0]
Event: 0.282 Thread 0x0000000014a0a000  637   !   3       com.android.dx.cf.code.BytecodeArray::parseInstruction (2764 bytes)
Event: 0.283 Thread 0x00000000149fe000  638       4       java.util.ArrayList$Itr::<init> (6 bytes)
Event: 0.283 Thread 0x00000000149fe000 nmethod 638 0x000000000257b6d0 code [0x000000000257b800, 0x000000000257b898]
Event: 0.284 Thread 0x00000000149fe000  642       4       com.android.dx.ssa.SsaBasicBlock::forEachInsn (37 bytes)
Event: 0.286 Thread 0x00000000149fe000 nmethod 642 0x000000000257af10 code [0x000000000257b080, 0x000000000257b308]
Event: 0.286 Thread 0x00000000149fe000  643       4       com.android.dx.ssa.SsaBasicBlock::isReachable (29 bytes)
Event: 0.286 Thread 0x00000000149fe000 nmethod 643 0x000000000257acd0 code [0x000000000257ae00, 0x000000000257ae98]

GC Heap History (0 events):
No events

Deoptimization events (3 events):
Event: 0.144 Thread 0x0000000002230800 Uncommon trap: reason=unstable_if action=reinterpret pc=0x00000000024812d4 method=java.lang.String.compareTo(Ljava/lang/String;)I @ 38
Event: 0.287 Thread 0x00000000165db000 Uncommon trap: reason=unstable_if action=reinterpret pc=0x00000000025678b4 method=java.util.BitSet.ensureCapacity(I)V @ 6
Event: 0.287 Thread 0x00000000165db000 Uncommon trap: reason=unstable_if action=reinterpret pc=0x0000000002550070 method=java.util.BitSet.nextSetBit(I)I @ 87

Internal exceptions (2 events):
Event: 0.026 Thread 0x0000000002230800 Exception <a 'java/lang/NoSuchMethodError': Method sun.misc.Unsafe.defineClass(Ljava/lang/String;[BII)Ljava/lang/Class; name or signature does not match> (0x00000000eab07cc0) thrown at [D:\re\workspace\8-2-build-windows-amd64-cygwin\jdk8u77\6540\hotspot\srÊy'n…ö?
Event: 0.026 Thread 0x0000000002230800 Exception <a 'java/lang/NoSuchMethodError': Method sun.misc.Unsafe.prefetchRead(Ljava/lang/Object;J)V name or signature does not match> (0x00000000eab07fa8) thrown at [D:\re\workspace\8-2-build-windows-amd64-cygwin\jdk8u77\6540\hotspot\src\share\vm\prims\j

Events (10 events):
Event: 0.283 loading class java/util/ArrayList$1 done
Event: 0.284 loading class java/util/HashMap$Values
Event: 0.286 loading class java/util/HashMap$Values done
Event: 0.287 loading class java/util/HashMap$ValueIterator
Event: 0.287 loading class java/util/HashMap$ValueIterator done
Event: 0.287 Thread 0x00000000165db000 Uncommon trap: trap_request=0xffffff65 fr.pc=0x00000000025678b4
Event: 0.287 Thread 0x00000000165db000 DEOPT PACKING pc=0x00000000025678b4 sp=0x0000000016e4e580
Event: 0.287 Thread 0x00000000165db000 DEOPT UNPACKING pc=0x000000000237582a sp=0x0000000016e4e468 mode 2
Event: 0.287 Thread 0x00000000165db000 Uncommon trap: trap_request=0xffffff65 fr.pc=0x0000000002550070
Event: 0.287 Thread 0x00000000165db000 DEOPT PACKING pc=0x0000000002550070 sp=0x0000000016e4e600


Dynamic libraries:
0x00007ff7438f0000 - 0x00007ff743927000 	C:\Program Files\Java\jdk1.8.0_77\bin\java.exe
0x00007ff8fd280000 - 0x00007ff8fd441000 	C:\Windows\SYSTEM32\ntdll.dll
0x00007ff8fc800000 - 0x00007ff8fc8ad000 	C:\Windows\system32\KERNEL32.DLL
0x00007ff8fa770000 - 0x00007ff8fa94d000 	C:\Windows\system32\KERNELBASE.dll
0x00007ff8fae20000 - 0x00007ff8faec6000 	C:\Windows\system32\ADVAPI32.dll
0x00007ff8fad80000 - 0x00007ff8fae1d000 	C:\Windows\system32\msvcrt.dll
0x00007ff8fd070000 - 0x00007ff8fd0cb000 	C:\Windows\system32\sechost.dll
0x00007ff8fce20000 - 0x00007ff8fcf46000 	C:\Windows\system32\RPCRT4.dll
0x00007ff8fc910000 - 0x00007ff8fca5e000 	C:\Windows\system32\USER32.dll
0x00007ff8fa950000 - 0x00007ff8faad6000 	C:\Windows\system32\GDI32.dll
0x00007ff8f0600000 - 0x00007ff8f0874000 	C:\Windows\WinSxS\amd64_microsoft.windows.common-controls_6595b64144ccf1df_6.0.10240.16384_none_f41f7b285750ef43\COMCTL32.dll
0x00007ff8fd230000 - 0x00007ff8fd266000 	C:\Windows\system32\IMM32.DLL
0x00007ff8fc690000 - 0x00007ff8fc7ec000 	C:\Windows\system32\MSCTF.dll
0x000000006bc90000 - 0x000000006bd62000 	C:\Program Files\Java\jdk1.8.0_77\jre\bin\msvcr100.dll
0x000000006bd70000 - 0x000000006c600000 	C:\Program Files\Java\jdk1.8.0_77\jre\bin\server\jvm.dll
0x00007ff8fd270000 - 0x00007ff8fd278000 	C:\Windows\system32\PSAPI.DLL
0x00007ff8f7da0000 - 0x00007ff8f7da9000 	C:\Windows\SYSTEM32\WSOCK32.dll
0x00007ff8f7d20000 - 0x00007ff8f7d43000 	C:\Windows\SYSTEM32\WINMM.dll
0x00007ff8fcf50000 - 0x00007ff8fcfb9000 	C:\Windows\system32\WS2_32.dll
0x00007ff8faed0000 - 0x00007ff8faed8000 	C:\Windows\system32\NSI.dll
0x00007ff8f2b90000 - 0x00007ff8f2b9a000 	C:\Windows\SYSTEM32\VERSION.dll
0x00007ff8f7970000 - 0x00007ff8f799c000 	C:\Windows\SYSTEM32\WINMMBASE.dll
0x00007ff8f9d50000 - 0x00007ff8f9d94000 	C:\Windows\system32\cfgmgr32.dll
0x00007ff8f8620000 - 0x00007ff8f8647000 	C:\Windows\SYSTEM32\DEVOBJ.dll
0x000000006bc80000 - 0x000000006bc8f000 	C:\Program Files\Java\jdk1.8.0_77\jre\bin\verify.dll
0x000000006bc50000 - 0x000000006bc79000 	C:\Program Files\Java\jdk1.8.0_77\jre\bin\java.dll
0x000000006bc30000 - 0x000000006bc46000 	C:\Program Files\Java\jdk1.8.0_77\jre\bin\zip.dll
0x00007ff8fb160000 - 0x00007ff8fc682000 	C:\Windows\system32\SHELL32.dll
0x00007ff8f9f70000 - 0x00007ff8fa599000 	C:\Windows\system32\windows.storage.dll
0x00007ff8faee0000 - 0x00007ff8fb15c000 	C:\Windows\system32\combase.dll
0x00007ff8fd1d0000 - 0x00007ff8fd221000 	C:\Windows\system32\shlwapi.dll
0x00007ff8f9d00000 - 0x00007ff8f9d0f000 	C:\Windows\system32\kernel.appcore.dll
0x00007ff8fa650000 - 0x00007ff8fa703000 	C:\Windows\system32\shcore.dll
0x00007ff8f9cb0000 - 0x00007ff8f9cfa000 	C:\Windows\system32\powrprof.dll
0x00007ff8f9d10000 - 0x00007ff8f9d23000 	C:\Windows\system32\profapi.dll

VM Arguments:
jvm_args: -Djava.awt.headless=true -Xmx1024M -Dfile.encoding=windows-1251 -Duser.country=RU -Duser.language=ru -Duser.variant 
java_command: com.android.dx.command.Main --dex --num-threads=4 --output C:\work\new_stuff\Experiment\app\build\intermediates\pre-dexed\debug\internal_impl-23.2.1_edb9f5cda9ded00472fa26b724a82305f29f670b.jar C:\work\new_stuff\Experiment\app\build\intermediates\exploded-aar\com.android.support\support-v4\23.2.1\jars\libs\internal_impl-23.2.1.jar
java_class_path (initial): C:\sdk\build-tools\23.0.3\lib\dx.jar
Launcher Type: SUN_STANDARD

Environment Variables:
PATH=C:\ProgramData\Oracle\Java\javapath;C:\Windows\system32;C:\Windows;C:\Windows\System32\Wbem;C:\Windows\System32\WindowsPowerShell\v1.0\;C:\Program Files (x86)\Skype\Phone\
USERNAME=Adambl4
OS=Windows_NT
PROCESSOR_IDENTIFIER=Intel64 Family 6 Model 58 Stepping 9, GenuineIntel



---------------  S Y S T E M  ---------------

OS: Windows 10.0 , 64 bit Build 10240 (10.0.10240.16384)

CPU:total 4 (4 cores per cpu, 1 threads per core) family 6 model 58 stepping 9, cmov, cx8, fxsr, mmx, sse, sse2, sse3, ssse3, sse4.1, sse4.2, popcnt, avx, aes, clmul, erms, tsc, tscinvbit, tscinv

Memory: 4k page, physical 8065796k(923600k free), swap 11137796k(4092k free)

vm_info: Java HotSpot(TM) 64-Bit Server VM (25.77-b03) for windows-amd64 JRE (1.8.0_77-b03), built on Mar 20 2016 22:01:33 by "java_re" with MS VC++ 10.0 (VS2010)

time: Tue Apr 05 01:48:33 2016
elapsed time: 0 seconds (0d 0h 0m 0s)

